116
/home/astgenne/Music/Imagine Dragons;Elisa - Birds.mp3
/home/astgenne/Music/BLANCO;Mina - Un Briciolo Di Allegria.mp3
/home/astgenne/Music/SUKIMASWITCH - Line.mp3
/home/astgenne/Music/MYTH & ROID - PANTA RHEI.mp3
/home/astgenne/Music/YOASOBI - Trace That Dream.mp3
/home/astgenne/Music/MYTH & ROID - sunny garden sunday.mp3
/home/astgenne/Music/YOASOBI - At Mercy of The Sea.mp3
/home/astgenne/Music/ASCA - CHAIN.mp3
/home/astgenne/Music/ORANGE RANGE - Asterisk.mp3
/home/astgenne/Music/Reol - 1LDK.mp3
/home/astgenne/Music/YU-KA - Rouge.mp3
/home/astgenne/Music/Eve - Kaikai Kitan.mp3
/home/astgenne/Music/Tatsuya Kitani - Where Our Blue Is.mp3
/home/astgenne/Music/SID - Ranbu No Melody.mp3
/home/astgenne/Music/MYTH & ROID - L.L.L.mp3
/home/astgenne/Music/Reol - un, deux, trois.mp3
/home/astgenne/Music/MONKEY MAJIK - Running In The Dark.mp3
/home/astgenne/Music/ReoNa - Nainai.mp3
/home/astgenne/Music/fumika - Aoitori.mp3
/home/astgenne/Music/Imagine Dragons - Bleeding Out.mp3
/home/astgenne/Music/Who-ya Extended - Q-vism.mp3
/home/astgenne/Music/Reol - Vacuum Old Rose.mp3
/home/astgenne/Music/yama - color.mp3
/home/astgenne/Music/EGOIST - Gold.mp3
/home/astgenne/Music/Reol - White Night.mp3
/home/astgenne/Music/Mili - Rightfully.mp3
/home/astgenne/Music/hitorie - One Me Two Hearts.mp3
/home/astgenne/Music/YOASOBI - Ultramarine Blue.mp3
/home/astgenne/Music/Reol - Re.mp3
/home/astgenne/Music/Tatsuya Kitani - Thanatophobia.mp3
/home/astgenne/Music/Frederic - Kanashi Ureshi.mp3
/home/astgenne/Music/Reol - Underwater Walkway.mp3
/home/astgenne/Music/MYTH & ROID - Remembrance.mp3
/home/astgenne/Music/Reol - Utena.mp3
/home/astgenne/Music/Aimer - Dare ka, Umi wo.mp3
/home/astgenne/Music/Imagine Dragons - Bad Liar.mp3
/home/astgenne/Music/Tanya Chua - Nightglow.mp3
/home/astgenne/Music/Nothing's Carved In Stone - Out of Control.mp3
/home/astgenne/Music/OxT - Silent Solitude.mp3
/home/astgenne/Music/Aqua Timez - Velonica.mp3
/home/astgenne/Music/Minami - main actor.mp3
/home/astgenne/Music/INTERSECTION - New Page.mp3
/home/astgenne/Music/Parellite - Physical.mp3
/home/astgenne/Music/THE CHARM PARK - Hana ga Saku Michi.mp3
/home/astgenne/Music/Lucy Rose - Shiver.mp3
/home/astgenne/Music/YOASOBI - Blessing.mp3
/home/astgenne/Music/Reol - MONSTER.mp3
/home/astgenne/Music/Eve - Leo.mp3
/home/astgenne/Music/MYTH & ROID - TIT FOR TAT.mp3
/home/astgenne/Music/Coda - BLOODY STREAM.mp3
/home/astgenne/Music/Diodato - Che vita meravigliosa.mp3
/home/astgenne/Music/Kanako Ito - Amadeus.mp3
/home/astgenne/Music/Måneskin - TIMEZONE.mp3
/home/astgenne/Music/Reol - ROXY.mp3
/home/astgenne/Music/Cö shu Nie - asphyxia.mp3
/home/astgenne/Music/Adam Gubman;Piper Gubman;Emmanuel Ventura-Cruess - Whistle Stop.mp3
/home/astgenne/Music/Reol - GRIMOIRE.mp3
/home/astgenne/Music/THE ORAL CIGARETTES - Kyoran Hey Kids!!.mp3
/home/astgenne/Music/Måneskin - THE LONELIEST.mp3
/home/astgenne/Music/Reol - Saisaki.mp3
/home/astgenne/Music/Reol - Mutant.mp3
/home/astgenne/Music/Subsonica - Mattino di Luce.mp3
/home/astgenne/Music/YOASOBI - Halcyon.mp3
/home/astgenne/Music/Adam Gubman;Carmela - Squad Unknown.mp3
/home/astgenne/Music/FLOW - Sign.mp3
/home/astgenne/Music/Cö shu Nie - Zettai Zetsumei.mp3
/home/astgenne/Music/Adam Gubman;Casey Lee Williams - Echoism.mp3
/home/astgenne/Music/Reol - Edge.mp3
/home/astgenne/Music/FLOW - COLORS.mp3
/home/astgenne/Music/Queen - Bohemian Rhapsody.mp3
/home/astgenne/Music/Reol - Heimen Kagami.mp3
/home/astgenne/Music/Adam Gubman;Roo Savill - ONE BY ONE.mp3
/home/astgenne/Music/TK - katharsis.mp3
/home/astgenne/Music/YOASOBI - Monster.mp3
/home/astgenne/Music/Reol - Q.mp3
/home/astgenne/Music/ASIAN KUNG-FU GENERATION - After Dark.mp3
/home/astgenne/Music/Reol - Phanto(me).mp3
/home/astgenne/Music/Imagine Dragons - Higher Ground.mp3
/home/astgenne/Music/Queen - Another One Bites The Dust.mp3
/home/astgenne/Music/Imagine Dragons - Eyes Closed.mp3
/home/astgenne/Music/Minami - Kawaki wo Ameku.mp3
/home/astgenne/Music/BRADIO - Flyers.mp3
/home/astgenne/Music/Reol - Lost Paradise.mp3
/home/astgenne/Music/Who-ya Extended - Synthetic Sympathy.mp3
/home/astgenne/Music/Hello Sleepwalkers - Goya No Machiawase.mp3
/home/astgenne/Music/Måneskin - Morirò da Re.mp3
/home/astgenne/Music/Imagine Dragons - Bones.mp3
/home/astgenne/Music/Imagine Dragons - Radioactive.mp3
/home/astgenne/Music/Reol - Think Alone.mp3
/home/astgenne/Music/Imagine Dragons - Natural.mp3
/home/astgenne/Music/Imagine Dragons;JID - Enemy.mp3
/home/astgenne/Music/FLOW - WORLD END.mp3
/home/astgenne/Music/amazarashi - Kyoukaisen.mp3
/home/astgenne/Music/YOASOBI - Run Into the Night.mp3
/home/astgenne/Music/Yunomi - Koi no Uta.mp3
/home/astgenne/Music/Måneskin - L'altra dimensione.mp3
/home/astgenne/Music/RAKEL - Follow You Into The Dark.mp3
/home/astgenne/Music/PVRIS;MIYAVI - Snakes.mp3
/home/astgenne/Music/Reol - Midnight Strawler.mp3
/home/astgenne/Music/fhána - Rhapsody of Blue Sky.mp3
/home/astgenne/Music/After the Rain - Anti-clockwise.mp3
/home/astgenne/Music/MYTH & ROID - shadowgraph.mp3
/home/astgenne/Music/Reol - SCORPION.mp3
/home/astgenne/Music/OxT - HOLLOW HUNGER.mp3
/home/astgenne/Music/SennaRin - Reaper.mp3
/home/astgenne/Music/Vivy - Sing My Pleasure.mp3
/home/astgenne/Music/MYTH & ROID - Paradisus-Paradoxum.mp3
/home/astgenne/Music/MOB CHOIR - 1.mp3
/home/astgenne/Music/Yosei Teikoku - DISORDER.mp3
/home/astgenne/Music/TK - Fantastic Magic.mp3
/home/astgenne/Music/Kami-sama, I have noticed - Namae No Nai Ao.mp3
/home/astgenne/Music/Imagine Dragons - On Top Of The World.mp3
/home/astgenne/Music/YOASOBI - Encore.mp3
/home/astgenne/Music/Coda - Fighting Gold.mp3
/home/astgenne/Music/Minami - Hollowness.mp3
/home/astgenne/Music/(K)NoW_NAME - Welcome To Chaos.mp3
/home/astgenne/Music/Kanako Ito - Fatima.mp3
/home/astgenne/Music/Queen Bee - Mephisto.mp3
/home/astgenne/Music/JAiMES - Wide Awake.mp3
/home/astgenne/Music/TK - Signal.mp3
/home/astgenne/Music/Måneskin - SUPERMODEL.mp3
/home/astgenne/Music/SennaRin - SAIHATE.mp3
/home/astgenne/Music/Reol - Cult.mp3
/home/astgenne/Music/Måneskin - MAMMAMIA.mp3
/home/astgenne/Music/Kenshi Yonezu - KICK BACK.mp3
/home/astgenne/Music/SawanoHiroyuki[nZk] - Cage.mp3
/home/astgenne/Music/Imagine Dragons - Believer.mp3
/home/astgenne/Music/Konomi Suzuki - This Game.mp3
/home/astgenne/Music/EGOIST - Namae No Nai Kaibutsu.mp3
/home/astgenne/Music/ReoNa - ANIMA.mp3
/home/astgenne/Music/EGOIST - The Everlasting Guilty Crown.mp3
/home/astgenne/Music/Måneskin - Fear for Nobody.mp3
/home/astgenne/Music/Tatsuya Kitani - I Don't Want Eternity Eternally.mp3
/home/astgenne/Music/YOASOBI - Mister.mp3
/home/astgenne/Music/Vickeblanka - Black Rover.mp3
/home/astgenne/Music/Ado - Backlight.mp3
/home/astgenne/Music/Reol - Gokusaishoku.mp3
/home/astgenne/Music/Cö shu Nie - Lamp.mp3
/home/astgenne/Music/NICO Touches the Walls - Diver.mp3
/home/astgenne/Music/Minami - RUDE LOSE DANCE.mp3
/home/astgenne/Music/Reol - Glitter.mp3
/home/astgenne/Music/Imagine Dragons - Whatever It Takes.mp3
/home/astgenne/Music/Måneskin - GOSSIP.mp3
/home/astgenne/Music/Man With A Mission - Seven Deadly Sins.mp3
/home/astgenne/Music/EGOIST - Eiyu Unmei No Uta.mp3
/home/astgenne/Music/Ling Tosite Sigure - Enigmatic Feeling.mp3
/home/astgenne/Music/YOASOBI - Idol.mp3
/home/astgenne/Music/Aqua Timez - Alones.mp3
/home/astgenne/Music/Reol - Chiruchiru.mp3
/home/astgenne/Music/Måneskin - I WANNA BE YOUR SLAVE.mp3
/home/astgenne/Music/EXiNA - The Asterisk War.mp3
/home/astgenne/Music/SawanoHiroyuki[nZk] - gravityWall.mp3
/home/astgenne/Music/Mougleta - Superhero.mp3
/home/astgenne/Music/Imagine Dragons - Dull Knives.mp3
/home/astgenne/Music/Minami - Ame wo Matsu.mp3
/home/astgenne/Music/Reol - The Sixth Sense.mp3
/home/astgenne/Music/KANA-BOON - Silhouette.mp3
/home/astgenne/Music/Ado - Tot Musica.mp3
/home/astgenne/Music/SawanoHiroyuki[nZk] - XU.mp3
/home/astgenne/Music/millenium parade;Sheena Ringo - WORK.mp3
/home/astgenne/Music/YOASOBI - Three Primary Colors.mp3
/home/astgenne/Music/Reol - Yoiyoi Kokon.mp3
/home/astgenne/Music/Ling tosite Sigure - Abnormalize.mp3
/home/astgenne/Music/EXiNA - Brand-new World.mp3
/home/astgenne/Music/Home Made Kazoku - Thank You!!.mp3
/home/astgenne/Music/Minami - Prologue.mp3
/home/astgenne/Music/Reol - Asymmetry.mp3
/home/astgenne/Music/MYTH & ROID - FOREVER LOST.mp3
/home/astgenne/Music/Sou - Mr. Fixer.mp3
/home/astgenne/Music/Aqua Timez - MASK.mp3
/home/astgenne/Music/Eve - FightSong.mp3
/home/astgenne/Music/Aimer - SPARK-AGAIN.mp3
/home/astgenne/Music/ClariS - Connect.mp3
/home/astgenne/Music/JUNNA - Kaze no Otosae Kikoenai.mp3
/home/astgenne/Music/Reol - Echo.mp3
/home/astgenne/Music/Vickeblanka - Black Catcher.mp3
/home/astgenne/Music/Måneskin - Beggin'.mp3
/home/astgenne/Music/ONE III NOTES - Shadow and Truth.mp3
/home/astgenne/Music/YOASOBI - Like.mp3
/home/astgenne/Music/Imagine Dragons - Machine.mp3
/home/astgenne/Music/Cö shu Nie - bullet.mp3
/home/astgenne/Music/MYTH & ROID - Crazy Scary Holy Fantasy.mp3
/home/astgenne/Music/MYTH & ROID - HYDRA.mp3
/home/astgenne/Music/Negramaro;Fabri Fibra - Fino al giorno nuovo.mp3
/home/astgenne/Music/Måneskin - Torna a casa.mp3
/home/astgenne/Music/TK - P.S. RED I.mp3
/home/astgenne/Music/Creepy Nuts - Otonoke.mp3
/home/astgenne/Music/Tatsuya kitani - Scar.mp3
/home/astgenne/Music/Imagine Dragons - Demons.mp3
/home/astgenne/Music/Reol - Agitate.mp3
/home/astgenne/Music/Måneskin - Chosen.mp3
/home/astgenne/Music/amazarashi - Play Goodbye.mp3
/home/astgenne/Music/JUNNA - Here.mp3
/home/astgenne/Music/THE ORAL CIGARETTES - Dream In Drive.mp3
/home/astgenne/Music/cadode - Summer.mp3
/home/astgenne/Music/Thai McGrath - Battleplan Pyrolysis.mp3
/home/astgenne/Music/UVERworld - D-tecnoLife.mp3
/home/astgenne/Music/ASCA - Resister.mp3
/home/astgenne/Music/Konomi Suzuki - Redo.mp3
/home/astgenne/Music/MYTH & ROID - VORACITY.mp3
/home/astgenne/Music/KANAN - BRAVING!.mp3
/home/astgenne/Music/YOASOBI - Romance.mp3
/home/astgenne/Music/Minami - Lilac.mp3
/home/astgenne/Music/Kenshi Yonezu - peacesign.mp3
/home/astgenne/Music/Queen - Killer Queen.mp3
/home/astgenne/Music/Imagine Dragons - Sharks.mp3
/home/astgenne/Music/Imagine Dragons - Wrecked.mp3
/home/astgenne/Music/Reol - Jutchuhakku.mp3
/home/astgenne/Music/Sam Smith;Kim Petras - Unholy.mp3
/home/astgenne/Music/Negramaro - Luna piena.mp3
/home/astgenne/Music/Måneskin - ZITTI E BUONI.mp3
/home/astgenne/Music/Reol - RE RESCUE.mp3
/home/astgenne/Music/MYTH & ROID - TRAGEDYETERNITY.mp3
/home/astgenne/Music/YOASOBI - If Life Could Be Drawn.mp3
/home/astgenne/Music/YOASOBI - Yuusha.mp3
/home/astgenne/Music/Tatsuya Kitani - Rapport.mp3
/home/astgenne/Music/Konomi Suzuki - Inochi No Tomoshibi.mp3
/home/astgenne/Music/Imagine Dragons - Zero.mp3
/home/astgenne/Music/Imagine Dragons - Tiptoe.mp3
/home/astgenne/Music/MYTH & ROID - STRAIGHT BET.mp3
/home/astgenne/Music/Takanori Nishikawa - Bright Burning Shout.mp3
/home/astgenne/Music/Asteria - Nisha Labyrinth.mp3
/home/astgenne/Music/Yui - Rolling star.mp3
/home/astgenne/Music/Yui - again.mp3
/home/astgenne/Music/Supercell - My Dearest.mp3
/home/astgenne/Music/Superfly - Kakusei.mp3
/home/astgenne/Music/Reol - The Day I Became God.mp3
/home/astgenne/Music/Mrs. GREEN APPLE - Inferno.mp3
